<?xml version="1.0" encoding="UTF-8"?>
<!-- Generated by org.testng.reporters.JUnitReportReporter -->
<testsuite skipped="0" hostname="REM-L-SINGHH" name="VW_TC.TC0010_login_With_Client_OR_Partner_Client_Enhanced_User" tests="3" failures="0" timestamp="27 Aug 2019 06:52:25 GMT" time="899.723" errors="0">
  <testcase name="logInWithPartnerClient_EnhancedUser" time="21.757" classname="VW_TC.TC0010_login_With_Client_OR_Partner_Client_Enhanced_User"/>
  <testcase name="scriptTabValidation" time="249.706" classname="VW_TC.TC0010_login_With_Client_OR_Partner_Client_Enhanced_User"/>
  <testcase name="variableTabValidation" time="628.260" classname="VW_TC.TC0010_login_With_Client_OR_Partner_Client_Enhanced_User"/>
</testsuite> <!-- VW_TC.TC0010_login_With_Client_OR_Partner_Client_Enhanced_User -->
