<?xml version="1.0" encoding="UTF-8"?>
<!-- Generated by org.testng.reporters.JUnitReportReporter -->
<testsuite skipped="0" hostname="REM-L-SINGHH" name="VW_TC.TC0003_login_With_Empirix_Business_Analyst" tests="10" failures="0" timestamp="21 Sep 2019 15:32:44 GMT" time="1303.386" errors="0">
  <testcase name="logInWithExpirixBusinessAnalyst" time="14.237" classname="VW_TC.TC0003_login_With_Empirix_Business_Analyst"/>
  <testcase name="headerMandatoryDetails" time="0.476" classname="VW_TC.TC0003_login_With_Empirix_Business_Analyst"/>
  <testcase name="footerMandatoryDetails" time="0.336" classname="VW_TC.TC0003_login_With_Empirix_Business_Analyst"/>
  <testcase name="TabValidation" time="0.668" classname="VW_TC.TC0003_login_With_Empirix_Business_Analyst"/>
  <testcase name="dashBoardTabValidation" time="8.669" classname="VW_TC.TC0003_login_With_Empirix_Business_Analyst"/>
  <testcase name="alertTabValidation" time="7.888" classname="VW_TC.TC0003_login_With_Empirix_Business_Analyst"/>
  <testcase name="testTabValidation" time="9.501" classname="VW_TC.TC0003_login_With_Empirix_Business_Analyst"/>
  <testcase name="tagTabValidation" time="16.375" classname="VW_TC.TC0003_login_With_Empirix_Business_Analyst"/>
  <testcase name="scriptTabValidation" time="616.471" classname="VW_TC.TC0003_login_With_Empirix_Business_Analyst"/>
  <testcase name="variableTabValidation" time="628.765" classname="VW_TC.TC0003_login_With_Empirix_Business_Analyst"/>
</testsuite> <!-- VW_TC.TC0003_login_With_Empirix_Business_Analyst -->
