<?xml version="1.0" encoding="UTF-8"?>
<!-- Generated by org.testng.reporters.JUnitReportReporter -->
<testsuite skipped="0" hostname="REM-L-SINGHH" name="VW_TC.TC0007_login_With_Partner_User" tests="8" failures="0" timestamp="21 Sep 2019 15:32:44 GMT" time="1200.233" errors="0">
  <testcase name="logInWithPartnerUser" time="43.472" classname="VW_TC.TC0007_login_With_Partner_User"/>
  <testcase name="headerMandatoryDetails" time="0.480" classname="VW_TC.TC0007_login_With_Partner_User"/>
  <testcase name="footerMandatoryDetails" time="0.313" classname="VW_TC.TC0007_login_With_Partner_User"/>
  <testcase name="TabValidation" time="500.651" classname="VW_TC.TC0007_login_With_Partner_User"/>
  <testcase name="dashBoardTabValidation" time="9.415" classname="VW_TC.TC0007_login_With_Partner_User"/>
  <testcase name="alertTabValidation" time="7.702" classname="VW_TC.TC0007_login_With_Partner_User"/>
  <testcase name="testTabValidation" time="9.889" classname="VW_TC.TC0007_login_With_Partner_User"/>
  <testcase name="variableTabValidation" time="628.311" classname="VW_TC.TC0007_login_With_Partner_User"/>
</testsuite> <!-- VW_TC.TC0007_login_With_Partner_User -->
