<?xml version="1.0" encoding="UTF-8"?>
<!-- Generated by org.testng.reporters.JUnitReportReporter -->
<testsuite skipped="0" hostname="REM-L-SINGHH" name="VW_TC.TC0009_login_With_Client_OR_Partner_Client_Developer" tests="3" failures="0" timestamp="27 Aug 2019 06:52:25 GMT" time="85.241" errors="0">
  <testcase name="logInWithPartnerClient_Development" time="11.245" classname="VW_TC.TC0009_login_With_Client_OR_Partner_Client_Developer"/>
  <testcase name="scriptTabValidation" time="48.846" classname="VW_TC.TC0009_login_With_Client_OR_Partner_Client_Developer"/>
  <testcase name="variableTabValidation" time="25.150" classname="VW_TC.TC0009_login_With_Client_OR_Partner_Client_Developer"/>
</testsuite> <!-- VW_TC.TC0009_login_With_Client_OR_Partner_Client_Developer -->
