<?xml version="1.0" encoding="UTF-8"?>
<testsuite xmlns:xsi="http://www.w3.org/2001/XMLSchema-instance" xsi:noNamespaceSchemaLocation="https://maven.apache.org/surefire/maven-surefire-plugin/xsd/surefire-test-report.xsd" name="TestSuite" time="1.983" tests="29" errors="0" skipped="26" failures="3">
  <properties>
    <property name="sun.desktop" value="windows"/>
    <property name="awt.toolkit" value="sun.awt.windows.WToolkit"/>
    <property name="file.encoding.pkg" value="sun.io"/>
    <property name="java.specification.version" value="1.8"/>
    <property name="sun.cpu.isalist" value="amd64"/>
    <property name="sun.jnu.encoding" value="Cp1252"/>
    <property name="java.class.path" value="C:\Users\hsingh\Frameworks\Selenium_ECP_VW\target\test-classes;C:\Users\hsingh\Frameworks\Selenium_ECP_VW\target\classes;C:\Users\hsingh\.m2\repository\junit\junit\3.8.1\junit-3.8.1.jar;C:\Users\hsingh\.m2\repository\org\apache\logging\log4j\log4j-api\2.11.0\log4j-api-2.11.0.jar;C:\Users\hsingh\.m2\repository\org\apache\logging\log4j\log4j-core\2.11.0\log4j-core-2.11.0.jar;C:\Users\hsingh\.m2\repository\org\seleniumhq\selenium\selenium-java\3.14.0\selenium-java-3.14.0.jar;C:\Users\hsingh\.m2\repository\org\seleniumhq\selenium\selenium-api\3.14.0\selenium-api-3.14.0.jar;C:\Users\hsingh\.m2\repository\org\seleniumhq\selenium\selenium-chrome-driver\3.14.0\selenium-chrome-driver-3.14.0.jar;C:\Users\hsingh\.m2\repository\org\seleniumhq\selenium\selenium-edge-driver\3.14.0\selenium-edge-driver-3.14.0.jar;C:\Users\hsingh\.m2\repository\org\seleniumhq\selenium\selenium-firefox-driver\3.14.0\selenium-firefox-driver-3.14.0.jar;C:\Users\hsingh\.m2\repository\org\seleniumhq\selenium\selenium-ie-driver\3.14.0\selenium-ie-driver-3.14.0.jar;C:\Users\hsingh\.m2\repository\org\seleniumhq\selenium\selenium-opera-driver\3.14.0\selenium-opera-driver-3.14.0.jar;C:\Users\hsingh\.m2\repository\org\seleniumhq\selenium\selenium-remote-driver\3.14.0\selenium-remote-driver-3.14.0.jar;C:\Users\hsingh\.m2\repository\org\seleniumhq\selenium\selenium-safari-driver\3.14.0\selenium-safari-driver-3.14.0.jar;C:\Users\hsingh\.m2\repository\org\seleniumhq\selenium\selenium-support\3.14.0\selenium-support-3.14.0.jar;C:\Users\hsingh\.m2\repository\net\bytebuddy\byte-buddy\1.8.15\byte-buddy-1.8.15.jar;C:\Users\hsingh\.m2\repository\org\apache\commons\commons-exec\1.3\commons-exec-1.3.jar;C:\Users\hsingh\.m2\repository\commons-codec\commons-codec\1.10\commons-codec-1.10.jar;C:\Users\hsingh\.m2\repository\commons-logging\commons-logging\1.2\commons-logging-1.2.jar;C:\Users\hsingh\.m2\repository\com\google\guava\guava\25.0-jre\guava-25.0-jre.jar;C:\Users\hsingh\.m2\repository\com\google\code\findbugs\jsr305\1.3.9\jsr305-1.3.9.jar;C:\Users\hsingh\.m2\repository\org\checkerframework\checker-compat-qual\2.0.0\checker-compat-qual-2.0.0.jar;C:\Users\hsingh\.m2\repository\com\google\errorprone\error_prone_annotations\2.1.3\error_prone_annotations-2.1.3.jar;C:\Users\hsingh\.m2\repository\com\google\j2objc\j2objc-annotations\1.1\j2objc-annotations-1.1.jar;C:\Users\hsingh\.m2\repository\org\codehaus\mojo\animal-sniffer-annotations\1.14\animal-sniffer-annotations-1.14.jar;C:\Users\hsingh\.m2\repository\com\squareup\okhttp3\okhttp\3.10.0\okhttp-3.10.0.jar;C:\Users\hsingh\.m2\repository\com\squareup\okio\okio\1.14.1\okio-1.14.1.jar;C:\Users\hsingh\.m2\repository\org\testng\testng\6.14.3\testng-6.14.3.jar;C:\Users\hsingh\.m2\repository\com\beust\jcommander\1.72\jcommander-1.72.jar;C:\Users\hsingh\.m2\repository\org\apache-extras\beanshell\bsh\2.0b6\bsh-2.0b6.jar;C:\Users\hsingh\.m2\repository\com\aventstack\extentreports\3.1.5\extentreports-3.1.5.jar;C:\Users\hsingh\.m2\repository\org\freemarker\freemarker\2.3.23\freemarker-2.3.23.jar;C:\Users\hsingh\.m2\repository\org\mongodb\mongodb-driver\3.3.0\mongodb-driver-3.3.0.jar;C:\Users\hsingh\.m2\repository\org\mongodb\bson\3.3.0\bson-3.3.0.jar;C:\Users\hsingh\.m2\repository\org\mongodb\mongodb-driver-core\3.3.0\mongodb-driver-core-3.3.0.jar;C:\Users\hsingh\.m2\repository\org\apache\httpcomponents\httpmime\4.5.2\httpmime-4.5.2.jar;C:\Users\hsingh\.m2\repository\org\jsoup\jsoup\1.9.2\jsoup-1.9.2.jar;C:\Users\hsingh\.m2\repository\com\google\code\gson\gson\2.8.0\gson-2.8.0.jar;C:\Users\hsingh\.m2\repository\com\relevantcodes\extentreports\2.41.2\extentreports-2.41.2.jar;C:\Users\hsingh\.m2\repository\org\xerial\sqlite-jdbc\3.8.11.1\sqlite-jdbc-3.8.11.1.jar;C:\Users\hsingh\.m2\repository\org\apache\poi\poi-ooxml\3.17\poi-ooxml-3.17.jar;C:\Users\hsingh\.m2\repository\org\apache\poi\poi-ooxml-schemas\3.17\poi-ooxml-schemas-3.17.jar;C:\Users\hsingh\.m2\repository\org\apache\xmlbeans\xmlbeans\2.6.0\xmlbeans-2.6.0.jar;C:\Users\hsingh\.m2\repository\stax\stax-api\1.0.1\stax-api-1.0.1.jar;C:\Users\hsingh\.m2\repository\com\github\virtuald\curvesapi\1.04\curvesapi-1.04.jar;C:\Users\hsingh\.m2\repository\org\apache\poi\poi\3.17\poi-3.17.jar;C:\Users\hsingh\.m2\repository\org\apache\commons\commons-collections4\4.1\commons-collections4-4.1.jar;C:\Users\hsingh\.m2\repository\com\jcabi\jcabi-log\0.17.3\jcabi-log-0.17.3.jar;C:\Users\hsingh\.m2\repository\com\jcabi\jcabi-aspects\0.22.5\jcabi-aspects-0.22.5.jar;C:\Users\hsingh\.m2\repository\org\aspectj\aspectjrt\1.8.7\aspectjrt-1.8.7.jar;C:\Users\hsingh\.m2\repository\javax\validation\validation-api\1.1.0.Final\validation-api-1.1.0.Final.jar;C:\Users\hsingh\.m2\repository\commons-io\commons-io\2.6\commons-io-2.6.jar;C:\Users\hsingh\.m2\repository\io\github\bonigarcia\webdrivermanager\3.7.1\webdrivermanager-3.7.1.jar;C:\Users\hsingh\.m2\repository\org\apache\commons\commons-lang3\3.8.1\commons-lang3-3.8.1.jar;C:\Users\hsingh\.m2\repository\org\rauschig\jarchivelib\1.0.0\jarchivelib-1.0.0.jar;C:\Users\hsingh\.m2\repository\org\apache\commons\commons-compress\1.18\commons-compress-1.18.jar;C:\Users\hsingh\.m2\repository\org\apache\httpcomponents\httpclient\4.5.5\httpclient-4.5.5.jar;C:\Users\hsingh\.m2\repository\org\apache\httpcomponents\httpcore\4.4.9\httpcore-4.4.9.jar;C:\Users\hsingh\.m2\repository\org\slf4j\slf4j-api\1.7.5\slf4j-api-1.7.5.jar;C:\Users\hsingh\.m2\repository\org\slf4j\slf4j-log4j12\1.7.5\slf4j-log4j12-1.7.5.jar;C:\Users\hsingh\.m2\repository\log4j\log4j\1.2.17\log4j-1.2.17.jar;C:\Users\hsingh\.m2\repository\org\apache\maven\surefire\surefire-testng-utils\2.22.0\surefire-testng-utils-2.22.0.jar;C:\Users\hsingh\.m2\repository\org\apache\maven\surefire\surefire-grouper\2.22.0\surefire-grouper-2.22.0.jar;"/>
    <property name="java.vm.vendor" value="Oracle Corporation"/>
    <property name="sun.arch.data.model" value="64"/>
    <property name="user.variant" value=""/>
    <property name="java.vendor.url" value="http://java.oracle.com/"/>
    <property name="user.timezone" value="Asia/Calcutta"/>
    <property name="java.vm.specification.version" value="1.8"/>
    <property name="os.name" value="Windows 10"/>
    <property name="user.country" value="US"/>
    <property name="sun.java.launcher" value="SUN_STANDARD"/>
    <property name="sun.boot.library.path" value="C:\Program Files\Java\jdk1.8.0_171\jre\bin"/>
    <property name="sun.java.command" value="C:\Users\hsingh\AppData\Local\Temp\surefire91120123565413344\surefirebooter1645460831603660123.jar C:\Users\hsingh\AppData\Local\Temp\surefire91120123565413344 2019-10-17T21-34-44_351-jvmRun1 surefire9193980389656818980tmp surefire_04258774488676886535tmp"/>
    <property name="surefire.test.class.path" value="C:\Users\hsingh\Frameworks\Selenium_ECP_VW\target\test-classes;C:\Users\hsingh\Frameworks\Selenium_ECP_VW\target\classes;C:\Users\hsingh\.m2\repository\junit\junit\3.8.1\junit-3.8.1.jar;C:\Users\hsingh\.m2\repository\org\apache\logging\log4j\log4j-api\2.11.0\log4j-api-2.11.0.jar;C:\Users\hsingh\.m2\repository\org\apache\logging\log4j\log4j-core\2.11.0\log4j-core-2.11.0.jar;C:\Users\hsingh\.m2\repository\org\seleniumhq\selenium\selenium-java\3.14.0\selenium-java-3.14.0.jar;C:\Users\hsingh\.m2\repository\org\seleniumhq\selenium\selenium-api\3.14.0\selenium-api-3.14.0.jar;C:\Users\hsingh\.m2\repository\org\seleniumhq\selenium\selenium-chrome-driver\3.14.0\selenium-chrome-driver-3.14.0.jar;C:\Users\hsingh\.m2\repository\org\seleniumhq\selenium\selenium-edge-driver\3.14.0\selenium-edge-driver-3.14.0.jar;C:\Users\hsingh\.m2\repository\org\seleniumhq\selenium\selenium-firefox-driver\3.14.0\selenium-firefox-driver-3.14.0.jar;C:\Users\hsingh\.m2\repository\org\seleniumhq\selenium\selenium-ie-driver\3.14.0\selenium-ie-driver-3.14.0.jar;C:\Users\hsingh\.m2\repository\org\seleniumhq\selenium\selenium-opera-driver\3.14.0\selenium-opera-driver-3.14.0.jar;C:\Users\hsingh\.m2\repository\org\seleniumhq\selenium\selenium-remote-driver\3.14.0\selenium-remote-driver-3.14.0.jar;C:\Users\hsingh\.m2\repository\org\seleniumhq\selenium\selenium-safari-driver\3.14.0\selenium-safari-driver-3.14.0.jar;C:\Users\hsingh\.m2\repository\org\seleniumhq\selenium\selenium-support\3.14.0\selenium-support-3.14.0.jar;C:\Users\hsingh\.m2\repository\net\bytebuddy\byte-buddy\1.8.15\byte-buddy-1.8.15.jar;C:\Users\hsingh\.m2\repository\org\apache\commons\commons-exec\1.3\commons-exec-1.3.jar;C:\Users\hsingh\.m2\repository\commons-codec\commons-codec\1.10\commons-codec-1.10.jar;C:\Users\hsingh\.m2\repository\commons-logging\commons-logging\1.2\commons-logging-1.2.jar;C:\Users\hsingh\.m2\repository\com\google\guava\guava\25.0-jre\guava-25.0-jre.jar;C:\Users\hsingh\.m2\repository\com\google\code\findbugs\jsr305\1.3.9\jsr305-1.3.9.jar;C:\Users\hsingh\.m2\repository\org\checkerframework\checker-compat-qual\2.0.0\checker-compat-qual-2.0.0.jar;C:\Users\hsingh\.m2\repository\com\google\errorprone\error_prone_annotations\2.1.3\error_prone_annotations-2.1.3.jar;C:\Users\hsingh\.m2\repository\com\google\j2objc\j2objc-annotations\1.1\j2objc-annotations-1.1.jar;C:\Users\hsingh\.m2\repository\org\codehaus\mojo\animal-sniffer-annotations\1.14\animal-sniffer-annotations-1.14.jar;C:\Users\hsingh\.m2\repository\com\squareup\okhttp3\okhttp\3.10.0\okhttp-3.10.0.jar;C:\Users\hsingh\.m2\repository\com\squareup\okio\okio\1.14.1\okio-1.14.1.jar;C:\Users\hsingh\.m2\repository\org\testng\testng\6.14.3\testng-6.14.3.jar;C:\Users\hsingh\.m2\repository\com\beust\jcommander\1.72\jcommander-1.72.jar;C:\Users\hsingh\.m2\repository\org\apache-extras\beanshell\bsh\2.0b6\bsh-2.0b6.jar;C:\Users\hsingh\.m2\repository\com\aventstack\extentreports\3.1.5\extentreports-3.1.5.jar;C:\Users\hsingh\.m2\repository\org\freemarker\freemarker\2.3.23\freemarker-2.3.23.jar;C:\Users\hsingh\.m2\repository\org\mongodb\mongodb-driver\3.3.0\mongodb-driver-3.3.0.jar;C:\Users\hsingh\.m2\repository\org\mongodb\bson\3.3.0\bson-3.3.0.jar;C:\Users\hsingh\.m2\repository\org\mongodb\mongodb-driver-core\3.3.0\mongodb-driver-core-3.3.0.jar;C:\Users\hsingh\.m2\repository\org\apache\httpcomponents\httpmime\4.5.2\httpmime-4.5.2.jar;C:\Users\hsingh\.m2\repository\org\jsoup\jsoup\1.9.2\jsoup-1.9.2.jar;C:\Users\hsingh\.m2\repository\com\google\code\gson\gson\2.8.0\gson-2.8.0.jar;C:\Users\hsingh\.m2\repository\com\relevantcodes\extentreports\2.41.2\extentreports-2.41.2.jar;C:\Users\hsingh\.m2\repository\org\xerial\sqlite-jdbc\3.8.11.1\sqlite-jdbc-3.8.11.1.jar;C:\Users\hsingh\.m2\repository\org\apache\poi\poi-ooxml\3.17\poi-ooxml-3.17.jar;C:\Users\hsingh\.m2\repository\org\apache\poi\poi-ooxml-schemas\3.17\poi-ooxml-schemas-3.17.jar;C:\Users\hsingh\.m2\repository\org\apache\xmlbeans\xmlbeans\2.6.0\xmlbeans-2.6.0.jar;C:\Users\hsingh\.m2\repository\stax\stax-api\1.0.1\stax-api-1.0.1.jar;C:\Users\hsingh\.m2\repository\com\github\virtuald\curvesapi\1.04\curvesapi-1.04.jar;C:\Users\hsingh\.m2\repository\org\apache\poi\poi\3.17\poi-3.17.jar;C:\Users\hsingh\.m2\repository\org\apache\commons\commons-collections4\4.1\commons-collections4-4.1.jar;C:\Users\hsingh\.m2\repository\com\jcabi\jcabi-log\0.17.3\jcabi-log-0.17.3.jar;C:\Users\hsingh\.m2\repository\com\jcabi\jcabi-aspects\0.22.5\jcabi-aspects-0.22.5.jar;C:\Users\hsingh\.m2\repository\org\aspectj\aspectjrt\1.8.7\aspectjrt-1.8.7.jar;C:\Users\hsingh\.m2\repository\javax\validation\validation-api\1.1.0.Final\validation-api-1.1.0.Final.jar;C:\Users\hsingh\.m2\repository\commons-io\commons-io\2.6\commons-io-2.6.jar;C:\Users\hsingh\.m2\repository\io\github\bonigarcia\webdrivermanager\3.7.1\webdrivermanager-3.7.1.jar;C:\Users\hsingh\.m2\repository\org\apache\commons\commons-lang3\3.8.1\commons-lang3-3.8.1.jar;C:\Users\hsingh\.m2\repository\org\rauschig\jarchivelib\1.0.0\jarchivelib-1.0.0.jar;C:\Users\hsingh\.m2\repository\org\apache\commons\commons-compress\1.18\commons-compress-1.18.jar;C:\Users\hsingh\.m2\repository\org\apache\httpcomponents\httpclient\4.5.5\httpclient-4.5.5.jar;C:\Users\hsingh\.m2\repository\org\apache\httpcomponents\httpcore\4.4.9\httpcore-4.4.9.jar;C:\Users\hsingh\.m2\repository\org\slf4j\slf4j-api\1.7.5\slf4j-api-1.7.5.jar;C:\Users\hsingh\.m2\repository\org\slf4j\slf4j-log4j12\1.7.5\slf4j-log4j12-1.7.5.jar;C:\Users\hsingh\.m2\repository\log4j\log4j\1.2.17\log4j-1.2.17.jar;C:\Users\hsingh\.m2\repository\org\apache\maven\surefire\surefire-testng-utils\2.22.0\surefire-testng-utils-2.22.0.jar;C:\Users\hsingh\.m2\repository\org\apache\maven\surefire\surefire-grouper\2.22.0\surefire-grouper-2.22.0.jar;"/>
    <property name="sun.cpu.endian" value="little"/>
    <property name="user.home" value="C:\Users\hsingh"/>
    <property name="user.language" value="en"/>
    <property name="java.specification.vendor" value="Oracle Corporation"/>
    <property name="java.home" value="C:\Program Files\Java\jdk1.8.0_171\jre"/>
    <property name="basedir" value="C:\Users\hsingh\Frameworks\Selenium_ECP_VW"/>
    <property name="file.separator" value="\"/>
    <property name="line.separator" value="&#10;"/>
    <property name="java.vm.specification.vendor" value="Oracle Corporation"/>
    <property name="java.specification.name" value="Java Platform API Specification"/>
    <property name="java.awt.graphicsenv" value="sun.awt.Win32GraphicsEnvironment"/>
    <property name="surefire.real.class.path" value="C:\Users\hsingh\AppData\Local\Temp\surefire91120123565413344\surefirebooter1645460831603660123.jar"/>
    <property name="sun.boot.class.path" value="C:\Program Files\Java\jdk1.8.0_171\jre\lib\resources.jar;C:\Program Files\Java\jdk1.8.0_171\jre\lib\rt.jar;C:\Program Files\Java\jdk1.8.0_171\jre\lib\sunrsasign.jar;C:\Program Files\Java\jdk1.8.0_171\jre\lib\jsse.jar;C:\Program Files\Java\jdk1.8.0_171\jre\lib\jce.jar;C:\Program Files\Java\jdk1.8.0_171\jre\lib\charsets.jar;C:\Program Files\Java\jdk1.8.0_171\jre\lib\jfr.jar;C:\Program Files\Java\jdk1.8.0_171\jre\classes"/>
    <property name="user.script" value=""/>
    <property name="sun.management.compiler" value="HotSpot 64-Bit Tiered Compilers"/>
    <property name="java.runtime.version" value="1.8.0_171-b11"/>
    <property name="user.name" value="hsingh"/>
    <property name="path.separator" value=";"/>
    <property name="os.version" value="10.0"/>
    <property name="java.endorsed.dirs" value="C:\Program Files\Java\jdk1.8.0_171\jre\lib\endorsed"/>
    <property name="java.runtime.name" value="Java(TM) SE Runtime Environment"/>
    <property name="file.encoding" value="Cp1252"/>
    <property name="java.vm.name" value="Java HotSpot(TM) 64-Bit Server VM"/>
    <property name="localRepository" value="C:\Users\hsingh\.m2\repository"/>
    <property name="java.vendor.url.bug" value="http://bugreport.sun.com/bugreport/"/>
    <property name="java.io.tmpdir" value="C:\Users\hsingh\AppData\Local\Temp\"/>
    <property name="java.version" value="1.8.0_171"/>
    <property name="user.dir" value="C:\Users\hsingh\Frameworks\Selenium_ECP_VW"/>
    <property name="os.arch" value="amd64"/>
    <property name="java.vm.specification.name" value="Java Virtual Machine Specification"/>
    <property name="java.awt.printerjob" value="sun.awt.windows.WPrinterJob"/>
    <property name="sun.os.patch.level" value=""/>
    <property name="java.library.path" value="C:\Program Files\Java\jdk1.8.0_171\jre\bin;C:\Windows\Sun\Java\bin;C:\Windows\system32;C:\Windows;c:\Hammer\sysbin;c:\Hammer\bin;c:\Hammer\Tcl\bin;C:\Program Files (x86)\RSA SecurID Token Common;C:\Program Files\RSA SecurID Token Common;C:\Program Files (x86)\Common Files\Oracle\Java\javapath;C:\Windows\system32;C:\Windows;C:\Windows\System32\Wbem;C:\Windows\System32\WindowsPowerShell\v1.0\;C:\Program Files (x86)\CheckPoint\Endpoint Security\Endpoint Common\bin;C:\Program Files\Java\jdk1.8.0_171\bin;C:\work\software\apache-maven-3.5.4\bin;C:\Program Files\Perforce\;C:\Program Files\PuTTY\;C:\Gradle\gradle-5.1.1\bin;C:\HashiCorp\Vagrant\bin;C:\Program Files\Git\cmd;C:\Program Files (x86)\Intel\Intel(R) Management Engine Components\DAL;C:\Program Files\Intel\Intel(R) Management Engine Components\DAL;C:\Program Files\Intel\WiFi\bin\;C:\Program Files\Common Files\Intel\WirelessCommon\;C:\strawberry\c\bin;C:\strawberry\perl\bin;C:\Program Files (x86)\Empirix\Hammer CallMaster\bin;C:\Users\hsingh\AppData\Local\Microsoft\WindowsApps;C:\Users\hsingh\AppData\Roaming\Dashlane\4.6.8.25848\bin\Firefox_Extension\{442718d9-475e-452a-b3e1-fb1ee16b8e9f}\components;C:\Users\hsingh\AppData\Local\Programs\Microsoft VS Code\bin;."/>
    <property name="java.vm.info" value="mixed mode"/>
    <property name="java.vendor" value="Oracle Corporation"/>
    <property name="java.vm.version" value="25.171-b11"/>
    <property name="java.ext.dirs" value="C:\Program Files\Java\jdk1.8.0_171\jre\lib\ext;C:\Windows\Sun\Java\lib\ext"/>
    <property name="sun.io.unicode.encoding" value="UnicodeLittle"/>
    <property name="java.class.version" value="52.0"/>
  </properties>
  <testcase name="applicationLaunch" classname="VW_TC.TC0001_login_Page_Verification" time="1.114">
    <failure type="java.lang.NullPointerException">java.lang.NullPointerException
	at VW_TC.TC0001_login_Page_Verification.applicationLaunch(TC0001_login_Page_Verification.java:23)
</failure>
    <system-out><![CDATA[2019-10-17 21:34:46,399 main ERROR Unable to move file C:\Users\hsingh\Frameworks\Selenium_ECP_VW\Logs\Selenium.log to C:\Users\hsingh\Frameworks\Selenium_ECP_VW\logs\Selenium_2019-10-17: java.nio.file.FileSystemException C:\Users\hsingh\Frameworks\Selenium_ECP_VW\Logs\Selenium.log -> C:\Users\hsingh\Frameworks\Selenium_ECP_VW\logs\Selenium_2019-10-17: The process cannot access the file because it is being used by another process.

2019-10-17 21:34:46,407 main ERROR Unable to delete file C:\Users\hsingh\Frameworks\Selenium_ECP_VW\Logs\Selenium.log: java.nio.file.FileSystemException C:\Users\hsingh\Frameworks\Selenium_ECP_VW\Logs\Selenium.log: The process cannot access the file because it is being used by another process.


 Test Case: 001- Login Page Verification  Started
=========================================
]]></system-out>
  </testcase>
  <testcase name="logInScreenVerification" classname="VW_TC.TC0001_login_Page_Verification" time="0">
    <skipped/>
  </testcase>
  <testcase name="applicationClose" classname="VW_TC.TC0001_login_Page_Verification" time="0">
    <skipped/>
  </testcase>
  <testcase name="applicationLaunch" classname="VW_TC.TC0002_login_With_Exmpirix_Admin" time="1.162">
    <failure type="java.lang.NullPointerException">java.lang.NullPointerException
	at VW_TC.TC0002_login_With_Exmpirix_Admin.applicationLaunch(TC0002_login_With_Exmpirix_Admin.java:34)
</failure>
    <system-out><![CDATA[
 Test Case: 001- Login Page Verification  Completed
=========================================

 Test Case: 002 - Login with 'Empirix Admin' Credetials'and verify TabAvailablity Started
=========================================
]]></system-out>
  </testcase>
  <testcase name="logInWithExpirixAdmin" classname="VW_TC.TC0002_login_With_Exmpirix_Admin" time="0">
    <skipped/>
  </testcase>
  <testcase name="headerMandatoryDetails" classname="VW_TC.TC0002_login_With_Exmpirix_Admin" time="0">
    <skipped/>
  </testcase>
  <testcase name="footerMandatoryDetails" classname="VW_TC.TC0002_login_With_Exmpirix_Admin" time="0">
    <skipped/>
  </testcase>
  <testcase name="TabAvailabilityValidation" classname="VW_TC.TC0002_login_With_Exmpirix_Admin" time="0">
    <skipped/>
  </testcase>
  <testcase name="dashBoardTabValidation" classname="VW_TC.TC0002_login_With_Exmpirix_Admin" time="0">
    <skipped/>
  </testcase>
  <testcase name="alertTabValidation" classname="VW_TC.TC0002_login_With_Exmpirix_Admin" time="0">
    <skipped/>
  </testcase>
  <testcase name="testTabValidation" classname="VW_TC.TC0002_login_With_Exmpirix_Admin" time="0">
    <skipped/>
  </testcase>
  <testcase name="tagTabValidation" classname="VW_TC.TC0002_login_With_Exmpirix_Admin" time="0">
    <skipped/>
  </testcase>
  <testcase name="scriptTabValidation" classname="VW_TC.TC0002_login_With_Exmpirix_Admin" time="0">
    <skipped/>
  </testcase>
  <testcase name="variableTabValidation" classname="VW_TC.TC0002_login_With_Exmpirix_Admin" time="0">
    <skipped/>
  </testcase>
  <testcase name="hammerTabValidation" classname="VW_TC.TC0002_login_With_Exmpirix_Admin" time="0">
    <skipped/>
  </testcase>
  <testcase name="applicationClose" classname="VW_TC.TC0002_login_With_Exmpirix_Admin" time="0">
    <skipped/>
  </testcase>
  <testcase name="applicationLaunch" classname="VW_TC.TC0003_login_With_Empirix_Business_Analyst" time="1.194">
    <failure type="java.lang.NullPointerException">java.lang.NullPointerException
	at VW_TC.TC0003_login_With_Empirix_Business_Analyst.applicationLaunch(TC0003_login_With_Empirix_Business_Analyst.java:34)
</failure>
    <system-out><![CDATA[
 Test Case: 002 - Login with 'Empirix Admin' Credetials'and verify TabAvailablity Completed
=========================================

 Test Case: 003 - Login with 'Empirix Business Analyst' Credetials'and verify TabAvailablity Started
=========================================
]]></system-out>
  </testcase>
  <testcase name="logInWithExpirixBusinessAnalyst" classname="VW_TC.TC0003_login_With_Empirix_Business_Analyst" time="0">
    <skipped/>
  </testcase>
  <testcase name="headerMandatoryDetails" classname="VW_TC.TC0003_login_With_Empirix_Business_Analyst" time="0">
    <skipped/>
  </testcase>
  <testcase name="footerMandatoryDetails" classname="VW_TC.TC0003_login_With_Empirix_Business_Analyst" time="0">
    <skipped/>
  </testcase>
  <testcase name="TabValidation" classname="VW_TC.TC0003_login_With_Empirix_Business_Analyst" time="0">
    <skipped/>
  </testcase>
  <testcase name="dashBoardTabValidation" classname="VW_TC.TC0003_login_With_Empirix_Business_Analyst" time="0">
    <skipped/>
  </testcase>
  <testcase name="alertTabValidation" classname="VW_TC.TC0003_login_With_Empirix_Business_Analyst" time="0">
    <skipped/>
  </testcase>
  <testcase name="testTabValidation" classname="VW_TC.TC0003_login_With_Empirix_Business_Analyst" time="0">
    <skipped/>
  </testcase>
  <testcase name="tagTabValidation" classname="VW_TC.TC0003_login_With_Empirix_Business_Analyst" time="0">
    <skipped/>
  </testcase>
  <testcase name="scriptTabValidation" classname="VW_TC.TC0003_login_With_Empirix_Business_Analyst" time="0">
    <skipped/>
  </testcase>
  <testcase name="variableTabValidation" classname="VW_TC.TC0003_login_With_Empirix_Business_Analyst" time="0">
    <skipped/>
  </testcase>
  <testcase name="hammerTabValidation" classname="VW_TC.TC0003_login_With_Empirix_Business_Analyst" time="0">
    <skipped/>
  </testcase>
  <testcase name="applicationClose" classname="VW_TC.TC0003_login_With_Empirix_Business_Analyst" time="0">
    <skipped/>
  </testcase>
</testsuite>