<?xml version="1.0" encoding="UTF-8"?>
<!-- Generated by org.testng.reporters.JUnitReportReporter -->
<testsuite skipped="0" hostname="REM-L-SINGHH" name="VW_TC.TC0010_login_With_Client_OR_Partner_Client_Enhanced_User" tests="3" failures="0" timestamp="30 Jul 2019 11:14:06 GMT" time="859.209" errors="0">
  <testcase name="logInWithPartnerClient_EnhancedUser" time="24.361" classname="VW_TC.TC0010_login_With_Client_OR_Partner_Client_Enhanced_User"/>
  <testcase name="scriptTabValidation" time="222.167" classname="VW_TC.TC0010_login_With_Client_OR_Partner_Client_Enhanced_User"/>
  <testcase name="variableTabValidation" time="612.681" classname="VW_TC.TC0010_login_With_Client_OR_Partner_Client_Enhanced_User"/>
</testsuite> <!-- VW_TC.TC0010_login_With_Client_OR_Partner_Client_Enhanced_User -->
