<?xml version="1.0" encoding="UTF-8"?>
<!-- Generated by org.testng.reporters.JUnitReportReporter -->
<testsuite skipped="0" hostname="REM-L-SINGHH" name="VW_TC.TC0007_login_With_Partner_User" tests="8" failures="0" timestamp="27 Aug 2019 16:08:32 GMT" time="1144.482" errors="0">
  <testcase name="logInWithPartnerUser" time="18.756" classname="VW_TC.TC0007_login_With_Partner_User"/>
  <testcase name="headerMandatoryDetails" time="0.549" classname="VW_TC.TC0007_login_With_Partner_User"/>
  <testcase name="footerMandatoryDetails" time="0.330" classname="VW_TC.TC0007_login_With_Partner_User"/>
  <testcase name="TabValidation" time="500.782" classname="VW_TC.TC0007_login_With_Partner_User"/>
  <testcase name="dashBoardTabValidation" time="4.020" classname="VW_TC.TC0007_login_With_Partner_User"/>
  <testcase name="alertTabValidation" time="2.443" classname="VW_TC.TC0007_login_With_Partner_User"/>
  <testcase name="testTabValidation" time="3.979" classname="VW_TC.TC0007_login_With_Partner_User"/>
  <testcase name="variableTabValidation" time="613.623" classname="VW_TC.TC0007_login_With_Partner_User"/>
</testsuite> <!-- VW_TC.TC0007_login_With_Partner_User -->
