<?xml version="1.0" encoding="UTF-8"?>
<!-- Generated by org.testng.reporters.JUnitReportReporter -->
<testsuite skipped="0" hostname="REM-L-SINGHH" name="VW_TC.TC0008_login_With_Client_OR_Partner_Client_Custmer_Admin" tests="3" failures="0" timestamp="30 Jul 2019 11:14:06 GMT" time="97.800" errors="0">
  <testcase name="logInWithPartnerClient_CustomerAdmin" time="27.895" classname="VW_TC.TC0008_login_With_Client_OR_Partner_Client_Custmer_Admin"/>
  <testcase name="scriptTabValidation" time="45.453" classname="VW_TC.TC0008_login_With_Client_OR_Partner_Client_Custmer_Admin"/>
  <testcase name="variableTabValidation" time="24.452" classname="VW_TC.TC0008_login_With_Client_OR_Partner_Client_Custmer_Admin"/>
</testsuite> <!-- VW_TC.TC0008_login_With_Client_OR_Partner_Client_Custmer_Admin -->
