<?xml version="1.0" encoding="UTF-8"?>
<!-- Generated by org.testng.reporters.JUnitReportReporter -->
<testsuite skipped="0" hostname="REM-L-SINGHH" name="VW_TC.TC0006_login_With_Partner_Enhanced_User" tests="10" failures="0" timestamp="26 Oct 2019 18:40:22 GMT" time="779.253" errors="0">
  <testcase name="logInWithPartnerEnhancedUser" time="46.100" classname="VW_TC.TC0006_login_With_Partner_Enhanced_User"/>
  <testcase name="headerMandatoryDetails" time="0.546" classname="VW_TC.TC0006_login_With_Partner_Enhanced_User"/>
  <testcase name="footerMandatoryDetails" time="0.431" classname="VW_TC.TC0006_login_With_Partner_Enhanced_User"/>
  <testcase name="TabValidation" time="200.901" classname="VW_TC.TC0006_login_With_Partner_Enhanced_User"/>
  <testcase name="dashBoardTabValidation" time="10.179" classname="VW_TC.TC0006_login_With_Partner_Enhanced_User"/>
  <testcase name="alertTabValidation" time="8.503" classname="VW_TC.TC0006_login_With_Partner_Enhanced_User"/>
  <testcase name="testTabValidation" time="9.114" classname="VW_TC.TC0006_login_With_Partner_Enhanced_User"/>
  <testcase name="tagTabValidation" time="36.164" classname="VW_TC.TC0006_login_With_Partner_Enhanced_User"/>
  <testcase name="scriptTabValidation" time="53.696" classname="VW_TC.TC0006_login_With_Partner_Enhanced_User"/>
  <testcase name="variableTabValidation" time="413.619" classname="VW_TC.TC0006_login_With_Partner_Enhanced_User"/>
</testsuite> <!-- VW_TC.TC0006_login_With_Partner_Enhanced_User -->
