<?xml version="1.0" encoding="UTF-8"?>
<!-- Generated by org.testng.reporters.JUnitReportReporter -->
<testsuite skipped="0" hostname="REM-L-SINGHH" name="VW_TC.TC0009_login_With_Client_OR_Partner_Client_Developer" tests="10" failures="0" timestamp="26 Oct 2019 19:34:15 GMT" time="819.607" errors="0">
  <testcase name="logInWithPartnerClient_Development" time="17.687" classname="VW_TC.TC0009_login_With_Client_OR_Partner_Client_Developer"/>
  <testcase name="headerMandatoryDetails" time="0.629" classname="VW_TC.TC0009_login_With_Client_OR_Partner_Client_Developer"/>
  <testcase name="footerMandatoryDetails" time="0.493" classname="VW_TC.TC0009_login_With_Client_OR_Partner_Client_Developer"/>
  <testcase name="TabValidation" time="401.137" classname="VW_TC.TC0009_login_With_Client_OR_Partner_Client_Developer"/>
  <testcase name="dashBoardTabValidation" time="9.303" classname="VW_TC.TC0009_login_With_Client_OR_Partner_Client_Developer"/>
  <testcase name="alertTabValidation" time="11.174" classname="VW_TC.TC0009_login_With_Client_OR_Partner_Client_Developer"/>
  <testcase name="testTabValidation" time="272.208" classname="VW_TC.TC0009_login_With_Client_OR_Partner_Client_Developer"/>
  <testcase name="tagTabValidation" time="21.112" classname="VW_TC.TC0009_login_With_Client_OR_Partner_Client_Developer"/>
  <testcase name="scriptTabValidation" time="68.157" classname="VW_TC.TC0009_login_With_Client_OR_Partner_Client_Developer"/>
  <testcase name="variableTabValidation" time="17.707" classname="VW_TC.TC0009_login_With_Client_OR_Partner_Client_Developer"/>
</testsuite> <!-- VW_TC.TC0009_login_With_Client_OR_Partner_Client_Developer -->
