<?xml version="1.0" encoding="UTF-8"?>
<!-- Generated by org.testng.reporters.JUnitReportReporter -->
<testsuite skipped="0" hostname="REM-L-SINGHH" name="VW_TC.TC0006_login_With_Partner_Enhanced_User" tests="3" failures="0" timestamp="30 Jul 2019 11:14:06 GMT" time="845.485" errors="0">
  <testcase name="logInWithPartnerEnhancedUser" time="10.485" classname="VW_TC.TC0006_login_With_Partner_Enhanced_User"/>
  <testcase name="scriptTabValidation" time="222.144" classname="VW_TC.TC0006_login_With_Partner_Enhanced_User"/>
  <testcase name="variableTabValidation" time="612.856" classname="VW_TC.TC0006_login_With_Partner_Enhanced_User"/>
</testsuite> <!-- VW_TC.TC0006_login_With_Partner_Enhanced_User -->
