<?xml version="1.0" encoding="UTF-8"?>
<!-- Generated by org.testng.reporters.JUnitReportReporter -->
<testsuite skipped="0" hostname="REM-L-SINGHH" name="VW_TC.TC0000_Debug_Testing" tests="2" failures="0" timestamp="08 Oct 2019 06:56:59 GMT" time="190.257" errors="0">
  <testcase name="logInWithExpirixAdmin" time="34.127" classname="VW_TC.TC0000_Debug_Testing"/>
  <testcase name="scriptTabValidation" time="156.130" classname="VW_TC.TC0000_Debug_Testing"/>
</testsuite> <!-- VW_TC.TC0000_Debug_Testing -->
