<?xml version="1.0" encoding="UTF-8"?>
<!-- Generated by org.testng.reporters.JUnitReportReporter -->
<testsuite skipped="0" hostname="REM-L-SINGHH" name="VW_TC.TC0005_login_With_Partner_Developer" tests="10" failures="0" timestamp="27 Aug 2019 08:27:02 GMT" time="545.453" errors="0">
  <testcase name="logInWithPartnerDevelopment" time="11.334" classname="VW_TC.TC0005_login_With_Partner_Developer"/>
  <testcase name="headerMandatoryDetails" time="0.442" classname="VW_TC.TC0005_login_With_Partner_Developer"/>
  <testcase name="footerMandatoryDetails" time="0.297" classname="VW_TC.TC0005_login_With_Partner_Developer"/>
  <testcase name="TabValidation" time="200.471" classname="VW_TC.TC0005_login_With_Partner_Developer"/>
  <testcase name="dashBoardTabValidation" time="4.016" classname="VW_TC.TC0005_login_With_Partner_Developer"/>
  <testcase name="alertTabValidation" time="2.432" classname="VW_TC.TC0005_login_With_Partner_Developer"/>
  <testcase name="testTabValidation" time="244.763" classname="VW_TC.TC0005_login_With_Partner_Developer"/>
  <testcase name="tagTabValidation" time="12.977" classname="VW_TC.TC0005_login_With_Partner_Developer"/>
  <testcase name="scriptTabValidation" time="45.252" classname="VW_TC.TC0005_login_With_Partner_Developer"/>
  <testcase name="variableTabValidation" time="23.469" classname="VW_TC.TC0005_login_With_Partner_Developer"/>
</testsuite> <!-- VW_TC.TC0005_login_With_Partner_Developer -->
