<?xml version="1.0" encoding="UTF-8"?>
<!-- Generated by org.testng.reporters.JUnitReportReporter -->
<testsuite skipped="0" hostname="REM-L-SINGHH" name="VW_TC.TC0004_login_With_Partner_Customer_Admin" tests="3" failures="0" timestamp="30 Jul 2019 11:14:06 GMT" time="82.998" errors="0">
  <testcase name="logInWithPartnerCustomerAdmin" time="10.425" classname="VW_TC.TC0004_login_With_Partner_Customer_Admin"/>
  <testcase name="scriptTabValidation" time="49.169" classname="VW_TC.TC0004_login_With_Partner_Customer_Admin"/>
  <testcase name="variableTabValidation" time="23.404" classname="VW_TC.TC0004_login_With_Partner_Customer_Admin"/>
</testsuite> <!-- VW_TC.TC0004_login_With_Partner_Customer_Admin -->
