<?xml version="1.0" encoding="UTF-8"?>
<!-- Generated by org.testng.reporters.JUnitReportReporter -->
<testsuite skipped="0" hostname="REM-L-SINGHH" name="VW_TC.TC0005_login_With_Partner_Developer" tests="10" failures="0" timestamp="26 Oct 2019 18:12:55 GMT" time="610.178" errors="0">
  <testcase name="logInWithPartnerDevelopment" time="18.902" classname="VW_TC.TC0005_login_With_Partner_Developer"/>
  <testcase name="headerMandatoryDetails" time="0.560" classname="VW_TC.TC0005_login_With_Partner_Developer"/>
  <testcase name="footerMandatoryDetails" time="0.495" classname="VW_TC.TC0005_login_With_Partner_Developer"/>
  <testcase name="TabValidation" time="200.802" classname="VW_TC.TC0005_login_With_Partner_Developer"/>
  <testcase name="dashBoardTabValidation" time="9.864" classname="VW_TC.TC0005_login_With_Partner_Developer"/>
  <testcase name="alertTabValidation" time="2.819" classname="VW_TC.TC0005_login_With_Partner_Developer"/>
  <testcase name="testTabValidation" time="238.743" classname="VW_TC.TC0005_login_With_Partner_Developer"/>
  <testcase name="tagTabValidation" time="37.448" classname="VW_TC.TC0005_login_With_Partner_Developer"/>
  <testcase name="scriptTabValidation" time="78.016" classname="VW_TC.TC0005_login_With_Partner_Developer"/>
  <testcase name="variableTabValidation" time="22.529" classname="VW_TC.TC0005_login_With_Partner_Developer"/>
</testsuite> <!-- VW_TC.TC0005_login_With_Partner_Developer -->
