<?xml version="1.0" encoding="UTF-8"?>
<!-- Generated by org.testng.reporters.JUnitReportReporter -->
<testsuite skipped="0" hostname="REM-L-SINGHH" name="VW_TC.TC0008_login_With_Client_OR_Partner_Client_Custmer_Admin" tests="10" failures="0" timestamp="26 Oct 2019 19:19:01 GMT" time="679.048" errors="0">
  <testcase name="logInWithPartnerClient_CustomerAdmin" time="17.189" classname="VW_TC.TC0008_login_With_Client_OR_Partner_Client_Custmer_Admin"/>
  <testcase name="headerMandatoryDetails" time="0.567" classname="VW_TC.TC0008_login_With_Client_OR_Partner_Client_Custmer_Admin"/>
  <testcase name="footerMandatoryDetails" time="0.433" classname="VW_TC.TC0008_login_With_Client_OR_Partner_Client_Custmer_Admin"/>
  <testcase name="TabValidation" time="300.784" classname="VW_TC.TC0008_login_With_Client_OR_Partner_Client_Custmer_Admin"/>
  <testcase name="dashBoardTabValidation" time="2.842" classname="VW_TC.TC0008_login_With_Client_OR_Partner_Client_Custmer_Admin"/>
  <testcase name="alertTabValidation" time="3.640" classname="VW_TC.TC0008_login_With_Client_OR_Partner_Client_Custmer_Admin"/>
  <testcase name="testTabValidation" time="238.160" classname="VW_TC.TC0008_login_With_Client_OR_Partner_Client_Custmer_Admin"/>
  <testcase name="tagTabValidation" time="20.843" classname="VW_TC.TC0008_login_With_Client_OR_Partner_Client_Custmer_Admin"/>
  <testcase name="scriptTabValidation" time="73.315" classname="VW_TC.TC0008_login_With_Client_OR_Partner_Client_Custmer_Admin"/>
  <testcase name="variableTabValidation" time="21.275" classname="VW_TC.TC0008_login_With_Client_OR_Partner_Client_Custmer_Admin"/>
</testsuite> <!-- VW_TC.TC0008_login_With_Client_OR_Partner_Client_Custmer_Admin -->
