<?xml version="1.0" encoding="UTF-8"?>
<!-- Generated by org.testng.reporters.JUnitReportReporter -->
<testsuite skipped="0" hostname="REM-L-SINGHH" name="VW_TC.TC0009_login_With_Client_OR_Partner_Client_Developer" tests="3" failures="0" timestamp="30 Jul 2019 11:14:06 GMT" time="103.219" errors="0">
  <testcase name="logInWithPartnerClient_Development" time="31.001" classname="VW_TC.TC0009_login_With_Client_OR_Partner_Client_Developer"/>
  <testcase name="scriptTabValidation" time="47.259" classname="VW_TC.TC0009_login_With_Client_OR_Partner_Client_Developer"/>
  <testcase name="variableTabValidation" time="24.959" classname="VW_TC.TC0009_login_With_Client_OR_Partner_Client_Developer"/>
</testsuite> <!-- VW_TC.TC0009_login_With_Client_OR_Partner_Client_Developer -->
