<?xml version="1.0" encoding="UTF-8"?>
<!-- Generated by org.testng.reporters.JUnitReportReporter -->
<testsuite skipped="0" hostname="REM-L-SINGHH" name="VW_TC.TC0010_login_With_Client_OR_Partner_Client_Enhanced_User" tests="10" failures="0" timestamp="28 Oct 2019 13:22:17 GMT" time="1381.506" errors="0">
  <testcase name="logInWithPartnerClient_EnhancedUser" time="36.347" classname="VW_TC.TC0010_login_With_Client_OR_Partner_Client_Enhanced_User"/>
  <testcase name="headerMandatoryDetails" time="0.513" classname="VW_TC.TC0010_login_With_Client_OR_Partner_Client_Enhanced_User"/>
  <testcase name="footerMandatoryDetails" time="0.412" classname="VW_TC.TC0010_login_With_Client_OR_Partner_Client_Enhanced_User"/>
  <testcase name="TabValidation" time="400.744" classname="VW_TC.TC0010_login_With_Client_OR_Partner_Client_Enhanced_User"/>
  <testcase name="dashBoardTabValidation" time="7.560" classname="VW_TC.TC0010_login_With_Client_OR_Partner_Client_Enhanced_User"/>
  <testcase name="alertTabValidation" time="9.736" classname="VW_TC.TC0010_login_With_Client_OR_Partner_Client_Enhanced_User"/>
  <testcase name="testTabValidation" time="10.101" classname="VW_TC.TC0010_login_With_Client_OR_Partner_Client_Enhanced_User"/>
  <testcase name="tagTabValidation" time="34.830" classname="VW_TC.TC0010_login_With_Client_OR_Partner_Client_Enhanced_User"/>
  <testcase name="scriptTabValidation" time="251.247" classname="VW_TC.TC0010_login_With_Client_OR_Partner_Client_Enhanced_User"/>
  <testcase name="variableTabValidation" time="630.016" classname="VW_TC.TC0010_login_With_Client_OR_Partner_Client_Enhanced_User"/>
</testsuite> <!-- VW_TC.TC0010_login_With_Client_OR_Partner_Client_Enhanced_User -->
