<?xml version="1.0" encoding="UTF-8"?>
<!-- Generated by org.testng.reporters.JUnitReportReporter -->
<testsuite skipped="0" hostname="REM-L-SINGHH" name="VW_TC.TC0011_login_With_Client_OR_Partner_Client_User" tests="8" failures="0" timestamp="26 Oct 2019 20:07:04 GMT" time="384.415" errors="0">
  <testcase name="logInWithPartnerClient_User" time="12.973" classname="VW_TC.TC0011_login_With_Client_OR_Partner_Client_User"/>
  <testcase name="headerMandatoryDetails" time="0.571" classname="VW_TC.TC0011_login_With_Client_OR_Partner_Client_User"/>
  <testcase name="footerMandatoryDetails" time="0.436" classname="VW_TC.TC0011_login_With_Client_OR_Partner_Client_User"/>
  <testcase name="TabValidation" time="300.691" classname="VW_TC.TC0011_login_With_Client_OR_Partner_Client_User"/>
  <testcase name="dashBoardTabValidation" time="7.790" classname="VW_TC.TC0011_login_With_Client_OR_Partner_Client_User"/>
  <testcase name="alertTabValidation" time="9.384" classname="VW_TC.TC0011_login_With_Client_OR_Partner_Client_User"/>
  <testcase name="testTabValidation" time="8.840" classname="VW_TC.TC0011_login_With_Client_OR_Partner_Client_User"/>
  <testcase name="variableTabValidation" time="43.730" classname="VW_TC.TC0011_login_With_Client_OR_Partner_Client_User"/>
</testsuite> <!-- VW_TC.TC0011_login_With_Client_OR_Partner_Client_User -->
