<?xml version="1.0" encoding="UTF-8"?>
<!-- Generated by org.testng.reporters.JUnitReportReporter -->
<testsuite skipped="0" hostname="REM-L-SINGHH" name="VW_TC.TC0000_Debug_Testing" tests="2" failures="0" timestamp="07 Oct 2019 10:59:20 GMT" time="49.850" errors="0">
  <testcase name="logInWithExpirixAdmin" time="14.691" classname="VW_TC.TC0000_Debug_Testing"/>
  <testcase name="scriptTabValidation" time="35.159" classname="VW_TC.TC0000_Debug_Testing"/>
</testsuite> <!-- VW_TC.TC0000_Debug_Testing -->
