<?xml version="1.0" encoding="UTF-8"?>
<!-- Generated by org.testng.reporters.JUnitReportReporter -->
<testsuite hostname="REM-L-SINGHH" name="VW_TC.TC0000_Debug_Testing1" tests="12" failures="0" timestamp="10 Nov 2019 09:31:07 GMT" time="350.789" errors="1">
  <testcase name="headerMandatoryDetails" time="0.559" classname="VW_TC.TC0000_Debug_Testing1"/>
  <testcase name="scriptTabValidation" time="110.147" classname="VW_TC.TC0000_Debug_Testing1">
    <error type="org.openqa.selenium.NoSuchElementException" message="no such element: Unable to locate element: {&quot;method&quot;:&quot;xpath&quot;,&quot;selector&quot;:&quot;//div[@class=&#039;panel-heading ng-binding&#039;]&quot;}
  (Session info: chrome=78.0.3904.87)
For documentation on this error, please visit: http://seleniumhq.org/exceptions/no_such_element.html
Build info: version: &#039;3.14.0&#039;, revision: &#039;aacccce0&#039;, time: &#039;2018-08-02T20:19:58.91Z&#039;
System info: host: &#039;REM-L-SINGHH&#039;, ip: &#039;10.12.60.21&#039;, os.name: &#039;Windows 10&#039;, os.arch: &#039;amd64&#039;, os.version: &#039;10.0&#039;, java.version: &#039;1.8.0_171&#039;
Driver info: org.openqa.selenium.chrome.ChromeDriver
Capabilities {acceptInsecureCerts: false, browserName: chrome, browserVersion: 78.0.3904.87, chrome: {chromedriverVersion: 78.0.3904.70 (edb9c9f3de024..., userDataDir: C:\Users\hsingh\AppData\Loc...}, goog:chromeOptions: {debuggerAddress: localhost:61937}, javascriptEnabled: true, networkConnectionEnabled: false, pageLoadStrategy: normal, platform: XP, platformName: XP, proxy: Proxy(), setWindowRect: true, strictFileInteractability: false, timeouts: {implicit: 0, pageLoad: 300000, script: 30000}, unhandledPromptBehavior: dismiss and notify}
Session ID: 5deaed35d7a89880ffbf125ac3e4088e
*** Element info: {Using=xpath, value=//div[@class=&#039;panel-heading ng-binding&#039;]}">
      <![CDATA[org.openqa.selenium.NoSuchElementException: no such element: Unable to locate element: {"method":"xpath","selector":"//div[@class='panel-heading ng-binding']"}
  (Session info: chrome=78.0.3904.87)
For documentation on this error, please visit: http://seleniumhq.org/exceptions/no_such_element.html
Build info: version: '3.14.0', revision: 'aacccce0', time: '2018-08-02T20:19:58.91Z'
System info: host: 'REM-L-SINGHH', ip: '10.12.60.21', os.name: 'Windows 10', os.arch: 'amd64', os.version: '10.0', java.version: '1.8.0_171'
Driver info: org.openqa.selenium.chrome.ChromeDriver
Capabilities {acceptInsecureCerts: false, browserName: chrome, browserVersion: 78.0.3904.87, chrome: {chromedriverVersion: 78.0.3904.70 (edb9c9f3de024..., userDataDir: C:\Users\hsingh\AppData\Loc...}, goog:chromeOptions: {debuggerAddress: localhost:61937}, javascriptEnabled: true, networkConnectionEnabled: false, pageLoadStrategy: normal, platform: XP, platformName: XP, proxy: Proxy(), setWindowRect: true, strictFileInteractability: false, timeouts: {implicit: 0, pageLoad: 300000, script: 30000}, unhandledPromptBehavior: dismiss and notify}
Session ID: 5deaed35d7a89880ffbf125ac3e4088e
*** Element info: {Using=xpath, value=//div[@class='panel-heading ng-binding']}
	at sun.reflect.NativeConstructorAccessorImpl.newInstance0(Native Method)
	at sun.reflect.NativeConstructorAccessorImpl.newInstance(Unknown Source)
	at sun.reflect.DelegatingConstructorAccessorImpl.newInstance(Unknown Source)
	at java.lang.reflect.Constructor.newInstance(Unknown Source)
	at org.openqa.selenium.remote.http.W3CHttpResponseCodec.createException(W3CHttpResponseCodec.java:187)
	at org.openqa.selenium.remote.http.W3CHttpResponseCodec.decode(W3CHttpResponseCodec.java:122)
	at org.openqa.selenium.remote.http.W3CHttpResponseCodec.decode(W3CHttpResponseCodec.java:49)
	at org.openqa.selenium.remote.HttpCommandExecutor.execute(HttpCommandExecutor.java:158)
	at org.openqa.selenium.remote.service.DriverCommandExecutor.execute(DriverCommandExecutor.java:83)
	at org.openqa.selenium.remote.RemoteWebDriver.execute(RemoteWebDriver.java:548)
	at org.openqa.selenium.remote.RemoteWebDriver.findElement(RemoteWebDriver.java:322)
	at org.openqa.selenium.remote.RemoteWebDriver.findElementByXPath(RemoteWebDriver.java:424)
	at org.openqa.selenium.By$ByXPath.findElement(By.java:353)
	at org.openqa.selenium.remote.RemoteWebDriver.findElement(RemoteWebDriver.java:314)
	at PageActions.pom007_VoiceWatch_Script_Tabs.goScriptBuilderTabValidation(pom007_VoiceWatch_Script_Tabs.java:98)
	at VW_TC.TC0000_Debug_Testing1.scriptTabValidation(TC0000_Debug_Testing1.java:157)
	at sun.reflect.NativeMethodAccessorImpl.invoke0(Native Method)
	at sun.reflect.NativeMethodAccessorImpl.invoke(Unknown Source)
	at sun.reflect.DelegatingMethodAccessorImpl.invoke(Unknown Source)
	at java.lang.reflect.Method.invoke(Unknown Source)
	at org.testng.internal.MethodInvocationHelper.invokeMethod(MethodInvocationHelper.java:86)
	at org.testng.internal.Invoker.invokeMethod(Invoker.java:645)
	at org.testng.internal.Invoker.invokeTestMethod(Invoker.java:822)
	at org.testng.internal.Invoker.invokeTestMethods(Invoker.java:1130)
	at org.testng.internal.TestMethodWorker.invokeTestMethods(TestMethodWorker.java:129)
	at org.testng.internal.TestMethodWorker.run(TestMethodWorker.java:112)
	at org.testng.TestRunner.privateRun(TestRunner.java:782)
	at org.testng.TestRunner.run(TestRunner.java:632)
	at org.testng.SuiteRunner.runTest(SuiteRunner.java:366)
	at org.testng.SuiteRunner.runSequentially(SuiteRunner.java:361)
	at org.testng.SuiteRunner.privateRun(SuiteRunner.java:319)
	at org.testng.SuiteRunner.run(SuiteRunner.java:268)
	at org.testng.SuiteRunnerWorker.runSuite(SuiteRunnerWorker.java:52)
	at org.testng.SuiteRunnerWorker.run(SuiteRunnerWorker.java:86)
	at org.testng.TestNG.runSuitesSequentially(TestNG.java:1244)
	at org.testng.TestNG.runSuitesLocally(TestNG.java:1169)
	at org.testng.TestNG.run(TestNG.java:1064)
	at org.testng.remote.RemoteTestNG.run(RemoteTestNG.java:113)
	at org.testng.remote.RemoteTestNG.initAndRun(RemoteTestNG.java:206)
	at org.testng.remote.RemoteTestNG.main(RemoteTestNG.java:177)
]]>
    </error>
  </testcase> <!-- scriptTabValidation -->
  <testcase name="footerMandatoryDetails" time="0.412" classname="VW_TC.TC0000_Debug_Testing1"/>
  <testcase name="logInWithExpirixAdmin" time="26.840" classname="VW_TC.TC0000_Debug_Testing1"/>
  <testcase name="tagTabValidation" time="13.398" classname="VW_TC.TC0000_Debug_Testing1"/>
  <testcase name="scriptTabValidation" time="101.573" classname="VW_TC.TC0000_Debug_Testing1"/>
  <testcase name="hammerTabValidation" time="4.959" classname="VW_TC.TC0000_Debug_Testing1"/>
  <testcase name="TabAvailabilityValidation" time="0.624" classname="VW_TC.TC0000_Debug_Testing1"/>
  <testcase name="alertTabValidation" time="4.106" classname="VW_TC.TC0000_Debug_Testing1"/>
  <testcase name="testTabValidation" time="69.925" classname="VW_TC.TC0000_Debug_Testing1"/>
  <testcase name="dashBoardTabValidation" time="3.534" classname="VW_TC.TC0000_Debug_Testing1"/>
  <testcase name="variableTabValidation" time="14.712" classname="VW_TC.TC0000_Debug_Testing1"/>
</testsuite> <!-- VW_TC.TC0000_Debug_Testing1 -->
