<?xml version="1.0" encoding="UTF-8"?>
<!-- Generated by org.testng.reporters.JUnitReportReporter -->
<testsuite skipped="0" hostname="REM-L-SINGHH" name="VW_TC.TC0000_Debug_Testing1" tests="2" failures="0" timestamp="08 Oct 2019 06:44:06 GMT" time="302.967" errors="0">
  <testcase name="logInWithExpirixAdmin" time="23.884" classname="VW_TC.TC0000_Debug_Testing1"/>
  <testcase name="scriptTabValidation" time="279.083" classname="VW_TC.TC0000_Debug_Testing1"/>
</testsuite> <!-- VW_TC.TC0000_Debug_Testing1 -->
