<?xml version="1.0" encoding="UTF-8"?>
<!-- Generated by org.testng.reporters.JUnitReportReporter -->
<testsuite skipped="0" hostname="REM-L-SINGHH" name="VW_TC.TC0003_login_With_Empirix_Business_Analyst" tests="2" failures="0" timestamp="26 Oct 2019 17:05:43 GMT" time="158.760" errors="0">
  <testcase name="logInWithExpirixBusinessAnalyst" time="15.466" classname="VW_TC.TC0003_login_With_Empirix_Business_Analyst"/>
  <testcase name="scriptTabValidation" time="143.294" classname="VW_TC.TC0003_login_With_Empirix_Business_Analyst"/>
</testsuite> <!-- VW_TC.TC0003_login_With_Empirix_Business_Analyst -->
