<?xml version="1.0" encoding="UTF-8"?>
<!-- Generated by org.testng.reporters.JUnitReportReporter -->
<testsuite skipped="0" hostname="REM-L-SINGHH" name="VW_TC.TC0000_Debug_Testing1" tests="2" failures="0" timestamp="07 Oct 2019 18:27:03 GMT" time="276.755" errors="0">
  <testcase name="logInWithExpirixAdmin" time="33.365" classname="VW_TC.TC0000_Debug_Testing1"/>
  <testcase name="scriptTabValidation" time="243.390" classname="VW_TC.TC0000_Debug_Testing1"/>
</testsuite> <!-- VW_TC.TC0000_Debug_Testing1 -->
