<?xml version="1.0" encoding="UTF-8"?>
<!-- Generated by org.testng.reporters.JUnitReportReporter -->
<testsuite skipped="0" hostname="REM-L-SINGHH" name="VW_TC.TC0004_login_With_Partner_Customer_Admin" tests="10" failures="0" timestamp="26 Oct 2019 18:00:57 GMT" time="505.129" errors="0">
  <testcase name="logInWithPartnerCustomerAdmin" time="15.085" classname="VW_TC.TC0004_login_With_Partner_Customer_Admin"/>
  <testcase name="headerMandatoryDetails" time="0.589" classname="VW_TC.TC0004_login_With_Partner_Customer_Admin"/>
  <testcase name="footerMandatoryDetails" time="0.456" classname="VW_TC.TC0004_login_With_Partner_Customer_Admin"/>
  <testcase name="TabValidation" time="100.888" classname="VW_TC.TC0004_login_With_Partner_Customer_Admin"/>
  <testcase name="dashBoardTabValidation" time="4.545" classname="VW_TC.TC0004_login_With_Partner_Customer_Admin"/>
  <testcase name="alertTabValidation" time="6.307" classname="VW_TC.TC0004_login_With_Partner_Customer_Admin"/>
  <testcase name="testTabValidation" time="255.610" classname="VW_TC.TC0004_login_With_Partner_Customer_Admin"/>
  <testcase name="tagTabValidation" time="29.492" classname="VW_TC.TC0004_login_With_Partner_Customer_Admin"/>
  <testcase name="scriptTabValidation" time="72.415" classname="VW_TC.TC0004_login_With_Partner_Customer_Admin"/>
  <testcase name="variableTabValidation" time="19.742" classname="VW_TC.TC0004_login_With_Partner_Customer_Admin"/>
</testsuite> <!-- VW_TC.TC0004_login_With_Partner_Customer_Admin -->
