<?xml version="1.0" encoding="UTF-8"?>
<!-- Generated by org.testng.reporters.JUnitReportReporter -->
<testsuite skipped="0" hostname="REM-L-SINGHH" name="VW_TC.TC0000_Debug_Testing" tests="2" failures="0" timestamp="07 Oct 2019 18:48:42 GMT" time="59.087" errors="0">
  <testcase name="logInWithExpirixAdmin" time="23.224" classname="VW_TC.TC0000_Debug_Testing"/>
  <testcase name="scriptTabValidation" time="35.863" classname="VW_TC.TC0000_Debug_Testing"/>
</testsuite> <!-- VW_TC.TC0000_Debug_Testing -->
