<?xml version="1.0" encoding="UTF-8"?>
<!-- Generated by org.testng.reporters.JUnitReportReporter -->
<testsuite skipped="0" hostname="REM-L-SINGHH" name="VW_TC.TC0000_Debug_Testing" tests="2" failures="0" timestamp="19 Oct 2019 21:20:35 GMT" time="77.693" errors="0">
  <testcase name="logInWithExpirixAdmin" time="24.045" classname="VW_TC.TC0000_Debug_Testing"/>
  <testcase name="scriptTabValidation" time="53.648" classname="VW_TC.TC0000_Debug_Testing"/>
</testsuite> <!-- VW_TC.TC0000_Debug_Testing -->
