<?xml version="1.0" encoding="UTF-8"?>
<!-- Generated by org.testng.reporters.JUnitReportReporter -->
<testsuite skipped="0" hostname="REM-L-SINGHH" name="VW_TC.TC0000_Debug_Testing" tests="2" failures="0" timestamp="04 Oct 2019 21:02:59 GMT" time="100.406" errors="0">
  <testcase name="logInWithExpirixAdmin" time="19.494" classname="VW_TC.TC0000_Debug_Testing"/>
  <testcase name="scriptTabValidation" time="80.912" classname="VW_TC.TC0000_Debug_Testing"/>
</testsuite> <!-- VW_TC.TC0000_Debug_Testing -->
