<?xml version="1.0" encoding="UTF-8"?>
<!-- Generated by org.testng.reporters.JUnitReportReporter -->
<testsuite skipped="0" hostname="REM-L-SINGHH" name="VW_TC.TC0001_login_Page_Verification" tests="1" failures="0" timestamp="30 Oct 2019 15:05:37 GMT" time="5.213" errors="0">
  <testcase name="logInScreenVerification" time="5.213" classname="VW_TC.TC0001_login_Page_Verification"/>
</testsuite> <!-- VW_TC.TC0001_login_Page_Verification -->
