<?xml version="1.0" encoding="UTF-8"?>
<!-- Generated by org.testng.reporters.JUnitReportReporter -->
<testsuite skipped="0" hostname="REM-L-SINGHH" name="VW_TC.TC0018_login_With_Exmpirix_Admin_Sanity2" tests="11" failures="0" timestamp="2019-11-26T14:00:02 IST" time="1256.327" errors="0">
  <testcase name="createScript" time="178.128" classname="VW_TC.TC0018_login_With_Exmpirix_Admin_Sanity2"/>
  <testcase name="deleteScript_AllData" time="121.360" classname="VW_TC.TC0018_login_With_Exmpirix_Admin_Sanity2"/>
  <testcase name="deleteScript_only" time="118.428" classname="VW_TC.TC0018_login_With_Exmpirix_Admin_Sanity2"/>
  <testcase name="copyScript" time="148.991" classname="VW_TC.TC0018_login_With_Exmpirix_Admin_Sanity2"/>
  <testcase name="updateScript" time="118.135" classname="VW_TC.TC0018_login_With_Exmpirix_Admin_Sanity2"/>
  <testcase name="createScript_by_ScriptUpload" time="70.379" classname="VW_TC.TC0018_login_With_Exmpirix_Admin_Sanity2"/>
  <testcase name="deleteScript_by_ScriptUpload" time="73.841" classname="VW_TC.TC0018_login_With_Exmpirix_Admin_Sanity2"/>
  <testcase name="createScript_by_CSV" time="77.693" classname="VW_TC.TC0018_login_With_Exmpirix_Admin_Sanity2"/>
  <testcase name="createTest" time="110.153" classname="VW_TC.TC0018_login_With_Exmpirix_Admin_Sanity2"/>
  <testcase name="deleteTest" time="126.071" classname="VW_TC.TC0018_login_With_Exmpirix_Admin_Sanity2"/>
  <testcase name="updateTest" time="113.148" classname="VW_TC.TC0018_login_With_Exmpirix_Admin_Sanity2"/>
</testsuite> <!-- VW_TC.TC0018_login_With_Exmpirix_Admin_Sanity2 -->
