<?xml version="1.0" encoding="UTF-8"?>
<!-- Generated by org.testng.reporters.JUnitReportReporter -->
<testsuite skipped="1" hostname="REM-L-SINGHH" name="VW_TC.TC0001_login_Page_Verification" tests="2" failures="0" timestamp="31 Oct 2019 21:30:32 GMT" time="8.853" errors="0">
  <testcase name="logInScreenVerification" time="8.368" classname="VW_TC.TC0001_login_Page_Verification">
    <skipped/>
  </testcase> <!-- logInScreenVerification -->
  <testcase name="logInScreenVerification" time="0.485" classname="VW_TC.TC0001_login_Page_Verification"/>
</testsuite> <!-- VW_TC.TC0001_login_Page_Verification -->
