<?xml version="1.0" encoding="UTF-8"?>
<!-- Generated by org.testng.reporters.JUnitReportReporter -->
<testsuite skipped="0" hostname="REM-L-SINGHH" name="VW_TC.TC0018_login_With_Exmpirix_Admin_Sanity2" tests="1" failures="0" timestamp="2019-11-27T20:25:12 IST" time="91.054" errors="0">
  <testcase name="createScript" time="91.054" classname="VW_TC.TC0018_login_With_Exmpirix_Admin_Sanity2"/>
</testsuite> <!-- VW_TC.TC0018_login_With_Exmpirix_Admin_Sanity2 -->
