<?xml version="1.0" encoding="UTF-8"?>
<!-- Generated by org.testng.reporters.JUnitReportReporter -->
<testsuite skipped="0" hostname="REM-L-SINGHH" name="VW_TC.TC0002_login_With_Exmpirix_Admin" tests="11" failures="0" timestamp="26 Oct 2019 16:03:18 GMT" time="211.033" errors="0">
  <testcase name="logInWithExpirixAdmin" time="13.683" classname="VW_TC.TC0002_login_With_Exmpirix_Admin"/>
  <testcase name="headerMandatoryDetails" time="0.529" classname="VW_TC.TC0002_login_With_Exmpirix_Admin"/>
  <testcase name="footerMandatoryDetails" time="0.408" classname="VW_TC.TC0002_login_With_Exmpirix_Admin"/>
  <testcase name="TabAvailabilityValidation" time="0.729" classname="VW_TC.TC0002_login_With_Exmpirix_Admin"/>
  <testcase name="dashBoardTabValidation" time="3.159" classname="VW_TC.TC0002_login_With_Exmpirix_Admin"/>
  <testcase name="alertTabValidation" time="3.113" classname="VW_TC.TC0002_login_With_Exmpirix_Admin"/>
  <testcase name="testTabValidation" time="53.797" classname="VW_TC.TC0002_login_With_Exmpirix_Admin"/>
  <testcase name="tagTabValidation" time="14.300" classname="VW_TC.TC0002_login_With_Exmpirix_Admin"/>
  <testcase name="scriptTabValidation" time="101.019" classname="VW_TC.TC0002_login_With_Exmpirix_Admin"/>
  <testcase name="variableTabValidation" time="15.050" classname="VW_TC.TC0002_login_With_Exmpirix_Admin"/>
  <testcase name="hammerTabValidation" time="5.246" classname="VW_TC.TC0002_login_With_Exmpirix_Admin"/>
</testsuite> <!-- VW_TC.TC0002_login_With_Exmpirix_Admin -->
