<?xml version="1.0" encoding="UTF-8"?>
<!-- Generated by org.testng.reporters.JUnitReportReporter -->
<testsuite skipped="0" hostname="REM-L-SINGHH" name="VW_TC.TC0018_login_With_Exmpirix_Admin_Sanity2" tests="3" failures="0" timestamp="24 Nov 2019 12:37:27 GMT" time="372.888" errors="0">
  <testcase name="createTest" time="130.840" classname="VW_TC.TC0018_login_With_Exmpirix_Admin_Sanity2"/>
  <testcase name="deleteTest" time="109.459" classname="VW_TC.TC0018_login_With_Exmpirix_Admin_Sanity2"/>
  <testcase name="updateTest" time="132.589" classname="VW_TC.TC0018_login_With_Exmpirix_Admin_Sanity2"/>
</testsuite> <!-- VW_TC.TC0018_login_With_Exmpirix_Admin_Sanity2 -->
