<?xml version="1.0" encoding="UTF-8"?>
<!-- Generated by org.testng.reporters.JUnitReportReporter -->
<testsuite skipped="0" hostname="REM-L-SINGHH" name="VW_TC.TC0000_Debug_Testing" tests="2" failures="0" timestamp="26 Oct 2019 15:59:17 GMT" time="30.036" errors="0">
  <testcase name="logInWithExpirixAdmin" time="14.611" classname="VW_TC.TC0000_Debug_Testing"/>
  <testcase name="variableTabValidation" time="15.425" classname="VW_TC.TC0000_Debug_Testing"/>
</testsuite> <!-- VW_TC.TC0000_Debug_Testing -->
