<?xml version="1.0" encoding="UTF-8"?>
<!-- Generated by org.testng.reporters.JUnitReportReporter -->
<testsuite skipped="1" hostname="REM-L-SINGHH" name="VW_TC.TC0017_login_With_Exmpirix_Admin_Sanity" tests="12" failures="0" timestamp="11 Nov 2019 06:27:47 GMT" time="349.815" errors="0">
  <testcase name="logInWithExpirixAdmin" time="17.232" classname="VW_TC.TC0017_login_With_Exmpirix_Admin_Sanity"/>
  <testcase name="headerMandatoryDetails" time="0.543" classname="VW_TC.TC0017_login_With_Exmpirix_Admin_Sanity"/>
  <testcase name="footerMandatoryDetails" time="0.508" classname="VW_TC.TC0017_login_With_Exmpirix_Admin_Sanity"/>
  <testcase name="TabAvailabilityValidation" time="0.701" classname="VW_TC.TC0017_login_With_Exmpirix_Admin_Sanity"/>
  <testcase name="dashBoardTabValidation" time="4.742" classname="VW_TC.TC0017_login_With_Exmpirix_Admin_Sanity"/>
  <testcase name="alertTabValidation" time="2.639" classname="VW_TC.TC0017_login_With_Exmpirix_Admin_Sanity"/>
  <testcase name="testTabValidation" time="76.685" classname="VW_TC.TC0017_login_With_Exmpirix_Admin_Sanity"/>
  <testcase name="tagTabValidation" time="113.008" classname="VW_TC.TC0017_login_With_Exmpirix_Admin_Sanity">
    <skipped/>
  </testcase> <!-- tagTabValidation -->
  <testcase name="tagTabValidation" time="13.867" classname="VW_TC.TC0017_login_With_Exmpirix_Admin_Sanity"/>
  <testcase name="scriptTabValidation" time="100.862" classname="VW_TC.TC0017_login_With_Exmpirix_Admin_Sanity"/>
  <testcase name="variableTabValidation" time="14.534" classname="VW_TC.TC0017_login_With_Exmpirix_Admin_Sanity"/>
  <testcase name="hammerTabValidation" time="4.494" classname="VW_TC.TC0017_login_With_Exmpirix_Admin_Sanity"/>
</testsuite> <!-- VW_TC.TC0017_login_With_Exmpirix_Admin_Sanity -->
