<?xml version="1.0" encoding="UTF-8"?>
<!-- Generated by org.testng.reporters.JUnitReportReporter -->
<testsuite skipped="0" hostname="REM-L-SINGHH" name="VW_TC.TC0008_login_With_Client_OR_Partner_Client_Custmer_Admin" tests="3" failures="0" timestamp="27 Aug 2019 06:52:25 GMT" time="179.838" errors="0">
  <testcase name="logInWithPartnerClient_CustomerAdmin" time="44.910" classname="VW_TC.TC0008_login_With_Client_OR_Partner_Client_Custmer_Admin"/>
  <testcase name="scriptTabValidation" time="84.190" classname="VW_TC.TC0008_login_With_Client_OR_Partner_Client_Custmer_Admin"/>
  <testcase name="variableTabValidation" time="50.738" classname="VW_TC.TC0008_login_With_Client_OR_Partner_Client_Custmer_Admin"/>
</testsuite> <!-- VW_TC.TC0008_login_With_Client_OR_Partner_Client_Custmer_Admin -->
