<?xml version="1.0" encoding="UTF-8"?>
<!-- Generated by org.testng.reporters.JUnitReportReporter -->
<testsuite skipped="0" hostname="REM-L-SINGHH" name="VW_TC.TC0017_login_With_Exmpirix_Admin_Sanity" tests="2" failures="0" timestamp="2019-12-01T19:50:49 IST" time="123.833" errors="0">
  <testcase name="logInWithExpirixAdmin" time="82.346" classname="VW_TC.TC0017_login_With_Exmpirix_Admin_Sanity"/>
  <testcase name="ValidateScriptFunctinality" time="41.487" classname="VW_TC.TC0017_login_With_Exmpirix_Admin_Sanity"/>
</testsuite> <!-- VW_TC.TC0017_login_With_Exmpirix_Admin_Sanity -->
