<?xml version="1.0" encoding="UTF-8"?>
<!-- Generated by org.testng.reporters.JUnitReportReporter -->
<testsuite skipped="0" hostname="REM-L-SINGHH" name="VW_TC.TC0001_login_Page_Verification" tests="1" failures="0" timestamp="28 Oct 2019 10:45:01 GMT" time="6.099" errors="0">
  <testcase name="logInScreenVerification" time="6.099" classname="VW_TC.TC0001_login_Page_Verification"/>
</testsuite> <!-- VW_TC.TC0001_login_Page_Verification -->
