<?xml version="1.0" encoding="UTF-8"?>
<!-- Generated by org.testng.reporters.JUnitReportReporter -->
<testsuite skipped="0" hostname="REM-L-SINGHH" name="VW_TC.TC0002_login_With_Exmpirix_Admin" tests="11" failures="0" timestamp="28 Oct 2019 10:45:01 GMT" time="225.082" errors="0">
  <testcase name="logInWithExpirixAdmin" time="34.761" classname="VW_TC.TC0002_login_With_Exmpirix_Admin"/>
  <testcase name="headerMandatoryDetails" time="0.496" classname="VW_TC.TC0002_login_With_Exmpirix_Admin"/>
  <testcase name="footerMandatoryDetails" time="0.381" classname="VW_TC.TC0002_login_With_Exmpirix_Admin"/>
  <testcase name="TabAvailabilityValidation" time="0.567" classname="VW_TC.TC0002_login_With_Exmpirix_Admin"/>
  <testcase name="dashBoardTabValidation" time="3.164" classname="VW_TC.TC0002_login_With_Exmpirix_Admin"/>
  <testcase name="alertTabValidation" time="2.502" classname="VW_TC.TC0002_login_With_Exmpirix_Admin"/>
  <testcase name="testTabValidation" time="51.095" classname="VW_TC.TC0002_login_With_Exmpirix_Admin"/>
  <testcase name="tagTabValidation" time="13.511" classname="VW_TC.TC0002_login_With_Exmpirix_Admin"/>
  <testcase name="scriptTabValidation" time="99.272" classname="VW_TC.TC0002_login_With_Exmpirix_Admin"/>
  <testcase name="variableTabValidation" time="14.219" classname="VW_TC.TC0002_login_With_Exmpirix_Admin"/>
  <testcase name="hammerTabValidation" time="5.114" classname="VW_TC.TC0002_login_With_Exmpirix_Admin"/>
</testsuite> <!-- VW_TC.TC0002_login_With_Exmpirix_Admin -->
