<?xml version="1.0" encoding="UTF-8"?>
<!-- Generated by org.testng.reporters.JUnitReportReporter -->
<testsuite skipped="0" hostname="REM-L-SINGHH" name="VW_TC.TC0006_login_With_Partner_Enhanced_User" tests="3" failures="0" timestamp="27 Aug 2019 06:52:25 GMT" time="855.704" errors="0">
  <testcase name="logInWithPartnerEnhancedUser" time="11.065" classname="VW_TC.TC0006_login_With_Partner_Enhanced_User"/>
  <testcase name="scriptTabValidation" time="221.491" classname="VW_TC.TC0006_login_With_Partner_Enhanced_User"/>
  <testcase name="variableTabValidation" time="623.148" classname="VW_TC.TC0006_login_With_Partner_Enhanced_User"/>
</testsuite> <!-- VW_TC.TC0006_login_With_Partner_Enhanced_User -->
