<?xml version="1.0" encoding="UTF-8"?>
<!-- Generated by org.testng.reporters.JUnitReportReporter -->
<testsuite skipped="0" hostname="REM-L-SINGHH" name="VW_TC.TC0004_login_With_Partner_Customer_Admin" tests="3" failures="0" timestamp="27 Aug 2019 06:52:25 GMT" time="153.440" errors="0">
  <testcase name="logInWithPartnerCustomerAdmin" time="23.798" classname="VW_TC.TC0004_login_With_Partner_Customer_Admin"/>
  <testcase name="scriptTabValidation" time="81.006" classname="VW_TC.TC0004_login_With_Partner_Customer_Admin"/>
  <testcase name="variableTabValidation" time="48.636" classname="VW_TC.TC0004_login_With_Partner_Customer_Admin"/>
</testsuite> <!-- VW_TC.TC0004_login_With_Partner_Customer_Admin -->
