<?xml version="1.0" encoding="UTF-8"?>
<!-- Generated by org.testng.reporters.JUnitReportReporter -->
<testsuite skipped="0" hostname="REM-L-SINGHH" name="VW_TC.TC0000_Debug_Testing1" tests="2" failures="0" timestamp="07 Oct 2019 18:15:21 GMT" time="268.138" errors="0">
  <testcase name="logInWithExpirixAdmin" time="19.873" classname="VW_TC.TC0000_Debug_Testing1"/>
  <testcase name="scriptTabValidation" time="248.265" classname="VW_TC.TC0000_Debug_Testing1"/>
</testsuite> <!-- VW_TC.TC0000_Debug_Testing1 -->
