<?xml version="1.0" encoding="UTF-8"?>
<!-- Generated by org.testng.reporters.JUnitReportReporter -->
<testsuite skipped="0" hostname="REM-L-SINGHH" name="VW_TC.TC0018_login_With_Exmpirix_Admin_Sanity2" tests="3" failures="0" timestamp="2019-12-01T21:08:05 IST" time="262.854" errors="0">
  <testcase name="createScript_by_ScriptUpload" time="83.799" classname="VW_TC.TC0018_login_With_Exmpirix_Admin_Sanity2"/>
  <testcase name="deleteScript_by_ScriptUpload" time="85.906" classname="VW_TC.TC0018_login_With_Exmpirix_Admin_Sanity2"/>
  <testcase name="createScript_by_CSV" time="93.149" classname="VW_TC.TC0018_login_With_Exmpirix_Admin_Sanity2"/>
</testsuite> <!-- VW_TC.TC0018_login_With_Exmpirix_Admin_Sanity2 -->
