<?xml version="1.0" encoding="UTF-8"?>
<!-- Generated by org.testng.reporters.JUnitReportReporter -->
<testsuite skipped="11" hostname="REM-L-SINGHH" name="VW_TC.TC0018_login_With_Exmpirix_Admin_Sanity2" tests="12" failures="0" timestamp="24 Nov 2019 14:42:35 GMT" time="38.624" errors="1">
  <testcase name="applicationLaunch" time="38.624" classname="VW_TC.TC0018_login_With_Exmpirix_Admin_Sanity2">
    <error type="org.openqa.selenium.NoSuchElementException" message="Cannot locate an element using link text=Back to top
For documentation on this error, please visit: https://www.seleniumhq.org/exceptions/no_such_element.html
Build info: version: &#039;3.141.59&#039;, revision: &#039;e82be7d358&#039;, time: &#039;2018-11-14T08:17:03&#039;
System info: host: &#039;REM-L-SINGHH&#039;, ip: &#039;10.12.60.25&#039;, os.name: &#039;Windows 10&#039;, os.arch: &#039;amd64&#039;, os.version: &#039;10.0&#039;, java.version: &#039;1.8.0_171&#039;
Driver info: driver.version: RemoteWebDriver">
      <![CDATA[org.openqa.selenium.NoSuchElementException: Cannot locate an element using link text=Back to top
For documentation on this error, please visit: https://www.seleniumhq.org/exceptions/no_such_element.html
Build info: version: '3.141.59', revision: 'e82be7d358', time: '2018-11-14T08:17:03'
System info: host: 'REM-L-SINGHH', ip: '10.12.60.25', os.name: 'Windows 10', os.arch: 'amd64', os.version: '10.0', java.version: '1.8.0_171'
Driver info: driver.version: RemoteWebDriver
at org.openqa.selenium.remote.RemoteWebDriver.findElement(RemoteWebDriver.java:327)
at org.openqa.selenium.remote.RemoteWebDriver.findElementByLinkText(RemoteWebDriver.java:380)
at org.openqa.selenium.By$ByLinkText.findElement(By.java:220)
at org.openqa.selenium.remote.RemoteWebDriver.findElement(RemoteWebDriver.java:315)
at VW_TC.TC0018_login_With_Exmpirix_Admin_Sanity2.applicationLaunch(TC0018_login_With_Exmpirix_Admin_Sanity2.java:49)
at sun.reflect.NativeMethodAccessorImpl.invoke0(Native Method)
at sun.reflect.NativeMethodAccessorImpl.invoke(NativeMethodAccessorImpl.java:62)
at sun.reflect.DelegatingMethodAccessorImpl.invoke(DelegatingMethodAccessorImpl.java:43)
at java.lang.reflect.Method.invoke(Method.java:498)
at org.testng.internal.MethodInvocationHelper.invokeMethod(MethodInvocationHelper.java:124)
at org.testng.internal.MethodInvocationHelper.invokeMethodConsideringTimeout(MethodInvocationHelper.java:59)
at org.testng.internal.Invoker.invokeConfigurationMethod(Invoker.java:458)
at org.testng.internal.Invoker.invokeConfigurations(Invoker.java:222)
at org.testng.internal.Invoker.invokeMethod(Invoker.java:523)
at org.testng.internal.Invoker.invokeTestMethod(Invoker.java:719)
at org.testng.internal.Invoker.invokeTestMethods(Invoker.java:989)
at org.testng.internal.TestMethodWorker.invokeTestMethods(TestMethodWorker.java:125)
at org.testng.internal.TestMethodWorker.run(TestMethodWorker.java:109)
at org.testng.TestRunner.privateRun(TestRunner.java:648)
at org.testng.TestRunner.run(TestRunner.java:505)
at org.testng.SuiteRunner.runTest(SuiteRunner.java:455)
at org.testng.SuiteRunner.runSequentially(SuiteRunner.java:450)
at org.testng.SuiteRunner.privateRun(SuiteRunner.java:415)
at org.testng.SuiteRunner.run(SuiteRunner.java:364)
at org.testng.SuiteRunnerWorker.runSuite(SuiteRunnerWorker.java:52)
at org.testng.SuiteRunnerWorker.run(SuiteRunnerWorker.java:84)
at org.testng.TestNG.runSuitesSequentially(TestNG.java:1208)
at org.testng.TestNG.runSuitesLocally(TestNG.java:1137)
at org.testng.TestNG.runSuites(TestNG.java:1049)
at org.testng.TestNG.run(TestNG.java:1017)
at org.apache.maven.surefire.testng.TestNGExecutor.run(TestNGExecutor.java:283)
at org.apache.maven.surefire.testng.TestNGXmlTestSuite.execute(TestNGXmlTestSuite.java:75)
at org.apache.maven.surefire.testng.TestNGProvider.invoke(TestNGProvider.java:120)
at org.apache.maven.surefire.booter.ForkedBooter.invokeProviderInSameClassLoader(ForkedBooter.java:383)
at org.apache.maven.surefire.booter.ForkedBooter.runSuitesInProcess(ForkedBooter.java:344)
at org.apache.maven.surefire.booter.ForkedBooter.execute(ForkedBooter.java:125)
at org.apache.maven.surefire.booter.ForkedBooter.main(ForkedBooter.java:417)
]]>
    </error>
  </testcase> <!-- applicationLaunch -->
  <testcase name="createScript" time="0.000" classname="VW_TC.TC0018_login_With_Exmpirix_Admin_Sanity2">
    <skipped/>
  </testcase> <!-- createScript -->
  <testcase name="deleteScript_AllData" time="0.000" classname="VW_TC.TC0018_login_With_Exmpirix_Admin_Sanity2">
    <skipped/>
  </testcase> <!-- deleteScript_AllData -->
  <testcase name="deleteScript_only" time="0.000" classname="VW_TC.TC0018_login_With_Exmpirix_Admin_Sanity2">
    <skipped/>
  </testcase> <!-- deleteScript_only -->
  <testcase name="copyScript" time="0.000" classname="VW_TC.TC0018_login_With_Exmpirix_Admin_Sanity2">
    <skipped/>
  </testcase> <!-- copyScript -->
  <testcase name="updateScript" time="0.000" classname="VW_TC.TC0018_login_With_Exmpirix_Admin_Sanity2">
    <skipped/>
  </testcase> <!-- updateScript -->
  <testcase name="createScript_by_ScriptUpload" time="0.000" classname="VW_TC.TC0018_login_With_Exmpirix_Admin_Sanity2">
    <skipped/>
  </testcase> <!-- createScript_by_ScriptUpload -->
  <testcase name="deleteScript_by_ScriptUpload" time="0.000" classname="VW_TC.TC0018_login_With_Exmpirix_Admin_Sanity2">
    <skipped/>
  </testcase> <!-- deleteScript_by_ScriptUpload -->
  <testcase name="createScript_by_CSV" time="0.000" classname="VW_TC.TC0018_login_With_Exmpirix_Admin_Sanity2">
    <skipped/>
  </testcase> <!-- createScript_by_CSV -->
  <testcase name="createTest" time="0.000" classname="VW_TC.TC0018_login_With_Exmpirix_Admin_Sanity2">
    <skipped/>
  </testcase> <!-- createTest -->
  <testcase name="deleteTest" time="0.000" classname="VW_TC.TC0018_login_With_Exmpirix_Admin_Sanity2">
    <skipped/>
  </testcase> <!-- deleteTest -->
  <testcase name="updateTest" time="0.000" classname="VW_TC.TC0018_login_With_Exmpirix_Admin_Sanity2">
    <skipped/>
  </testcase> <!-- updateTest -->
</testsuite> <!-- VW_TC.TC0018_login_With_Exmpirix_Admin_Sanity2 -->
