<?xml version="1.0" encoding="UTF-8"?>
<!-- Generated by org.testng.reporters.JUnitReportReporter -->
<testsuite skipped="1" hostname="REM-L-SINGHH" name="VW_TC.TC0018_login_With_Exmpirix_Admin_Sanity2" tests="4" failures="0" timestamp="2019-12-01T22:37:12 IST" time="239.059" errors="2">
  <testcase name="applicationClose" time="94.613" classname="VW_TC.TC0018_login_With_Exmpirix_Admin_Sanity2">
    <error type="org.openqa.selenium.WebDriverException" message="chrome not reachable
  (Session info: chrome=78.0.3904.108)
Build info: version: &#039;3.141.59&#039;, revision: &#039;e82be7d358&#039;, time: &#039;2018-11-14T08:17:03&#039;
System info: host: &#039;REM-L-SINGHH&#039;, ip: &#039;10.12.60.30&#039;, os.name