<?xml version="1.0" encoding="UTF-8"?>
<!-- Generated by org.testng.reporters.JUnitReportReporter -->
<testsuite skipped="0" hostname="REM-L-SINGHH" name="VW_TC.TC0000_Debug_Testing" tests="11" failures="0" timestamp="22 Oct 2019 17:21:44 GMT" time="213.880" errors="0">
  <testcase name="logInWithExpirixAdmin" time="20.495" classname="VW_TC.TC0000_Debug_Testing"/>
  <testcase name="headerMandatoryDetails" time="0.556" classname="VW_TC.TC0000_Debug_Testing"/>
  <testcase name="footerMandatoryDetails" time="0.381" classname="VW_TC.TC0000_Debug_Testing"/>
  <testcase name="TabAvailabilityValidation" time="0.725" classname="VW_TC.TC0000_Debug_Testing"/>
  <testcase name="dashBoardTabValidation" time="3.324" classname="VW_TC.TC0000_Debug_Testing"/>
  <testcase name="alertTabValidation" time="3.354" classname="VW_TC.TC0000_Debug_Testing"/>
  <testcase name="testTabValidation" time="53.029" classname="VW_TC.TC0000_Debug_Testing"/>
  <testcase name="tagTabValidation" time="13.736" classname="VW_TC.TC0000_Debug_Testing"/>
  <testcase name="scriptTabValidation" time="101.143" classname="VW_TC.TC0000_Debug_Testing"/>
  <testcase name="variableTabValidation" time="12.573" classname="VW_TC.TC0000_Debug_Testing"/>
  <testcase name="hammerTabValidation" time="4.564" classname="VW_TC.TC0000_Debug_Testing"/>
</testsuite> <!-- VW_TC.TC0000_Debug_Testing -->
