<?xml version="1.0" encoding="UTF-8"?>
<!-- Generated by org.testng.reporters.JUnitReportReporter -->
<testsuite skipped="0" hostname="REM-L-SINGHH" name="VW_TC.TC0000_Debug_Testing" tests="2" failures="0" timestamp="05 Oct 2019 13:48:50 GMT" time="39.053" errors="0">
  <testcase name="logInWithExpirixAdmin" time="17.514" classname="VW_TC.TC0000_Debug_Testing"/>
  <testcase name="hammerTabValidation" time="21.539" classname="VW_TC.TC0000_Debug_Testing"/>
</testsuite> <!-- VW_TC.TC0000_Debug_Testing -->
